  Compiling CUDA source file Source\Main.cu...
  
  C:\Users\simou\Desktop\Ugolini's Project v5.1\Ugolini's Project>"C:\Program Files\NVIDIA GPU Computing Toolkit\CUDA\v12.1\bin\nvcc.exe" -gencode=arch=compute_52,code=\"sm_52,compute_52\" --use-local-env -ccbin "C:\Program Files\Microsoft Visual Studio\2022\Community\VC\Tools\MSVC\14.33.31629\bin\HostX64\x64" -x cu   -I"C:\Program Files\NVIDIA GPU Computing Toolkit\CUDA\v12.1\include" -I"C:\Program Files\NVIDIA GPU Computing Toolkit\CUDA\v12.1\include"     --keep-dir x64\Release  -maxrregcount=0   --machine 64 --compile -cudart static    -DWIN32 -DWIN64 -DNDEBUG -D_CONSOLE -D_MBCS -Xcompiler "/EHsc /W3 /nologo /O2 /FS   /MD " -Xcompiler "/Fdx64\Release\vc143.pdb" -o "C:\Users\simou\Desktop\Ugolini's Project v5.1\Ugolini's Project\x64\Release\Main.cu.obj" "C:\Users\simou\Desktop\Ugolini's Project v5.1\Ugolini's Project\Source\Main.cu" 
C:\Users\simou\Desktop\Ugolini's Project v5.1\Ugolini's Project\Source\Headers\PipeLine_Manager\GPU pipeline functions\../GlobalStructsHandler.cuh(448): warning #461-D: initial value of reference to non-const must be an lvalue
    		cpuSH.LoadInTempMaterial(Material(kd, ks, specularExponent, ke, txtMap_filePath, normalMap_filePath));
    		                         ^
  
  Remark: The warnings can be suppressed with "-diag-suppress <warning-number>"
  
C:\Users\simou\Desktop\Ugolini's Project v5.1\Ugolini's Project\Source\Headers\Singletons\AdvancedFileFunction.hpp(334): warning #461-D: initial value of reference to non-const must be an lvalue
                    p_mtllib->AddTag(Mtltag(tempTag, i), gpuSH.m_materials_number - 1);
                                     ^
  
C:\Users\simou\Desktop\Ugolini's Project v5.1\Ugolini's Project\Source\Headers\PipeLine_Manager\GPU pipeline functions\../GlobalStructsHandler.cuh(448): warning #461-D: initial value of reference to non-const must be an lvalue
    		cpuSH.LoadInTempMaterial(Material(kd, ks, specularExponent, ke, txtMap_filePath, normalMap_filePath));
    		                         ^
  
  Remark: The warnings can be suppressed with "-diag-suppress <warning-number>"
  
C:\Users\simou\Desktop\Ugolini's Project v5.1\Ugolini's Project\Source\Headers\Singletons\AdvancedFileFunction.hpp(95): warning #550-D: variable "normalMapScale" was set but never used
        RgbVector kd, ks, ke; float specularExponent = 1; float normalMapScale = 1;
                                                                ^
  
C:\Users\simou\Desktop\Ugolini's Project v5.1\Ugolini's Project\Source\Headers\Singletons\AdvancedFileFunction.hpp(334): warning #461-D: initial value of reference to non-const must be an lvalue
                    p_mtllib->AddTag(Mtltag(tempTag, i), gpuSH.m_materials_number - 1);
                                     ^
  
C:\Users\simou\Desktop\Ugolini's Project v5.1\Ugolini's Project\Source\Headers\Singletons\AdvancedFileFunction.hpp(353): warning #550-D: variable "vn" was set but never used
        uint32 v, vt, vn;
                      ^
  
  Main.cu
  tmpxft_00001f20_00000000-7_Main.cudafe1.cpp
C:\Users\simou\Desktop\Ugolini's Project v5.1\Ugolini's Project\Source\Headers\Math\MyQuaternion.hpp(25): warning C4244: 'argomento': conversione da 'double' a 'const float'. Possibile perdita di dati.
C:\Users\simou\Desktop\Ugolini's Project v5.1\Ugolini's Project\Source\Headers\Math\MyQuaternion.hpp(27): warning C4244: '=': conversione da 'double' a 'float'. Possibile perdita di dati.
C:\Users\simou\Desktop\Ugolini's Project v5.1\Ugolini's Project\Source\Headers\GraphicStructs\ImagesStructs\RGB_structs.hpp(199): warning C4305: 'argomento': troncamento da 'double' a 'float'
C:\Users\simou\Desktop\Ugolini's Project v5.1\Ugolini's Project\Source\Headers\GraphicStructs\ImagesStructs\RGB_structs.hpp(201): warning C4305: 'argomento': troncamento da 'double' a 'float'
C:\Users\simou\Desktop\Ugolini's Project v5.1\Ugolini's Project\Source\Headers\GraphicStructs\Material.hpp(63): warning C4305: 'argomento': troncamento da 'double' a 'float'
C:\Users\simou\Desktop\Ugolini's Project v5.1\Ugolini's Project\Source\Headers\GraphicStructs\Camera.hpp(33): warning C4305: 'argomento': troncamento da 'double' a 'float'
C:\Users\simou\Desktop\Ugolini's Project v5.1\Ugolini's Project\Source\Headers\PipeLine_Manager\GPU pipeline functions\../GlobalStructsHandler.cuh(459): warning C4305: 'argomento': troncamento da 'double' a 'float'
C:\Users\simou\Desktop\Ugolini's Project v5.1\Ugolini's Project\Source\Headers\Singletons\AdvancedFileFunction.hpp(334): warning C4244: 'argomento': conversione da 'uint16' a 'uint8'. Possibile perdita di dati.
C:\Users\simou\Desktop\Ugolini's Project v5.1\Ugolini's Project\Source\Headers\Singletons\AdvancedFileFunction.hpp(362): warning C4244: '=': conversione da 'double' a 'uint32'. Possibile perdita di dati.
C:\Users\simou\Desktop\Ugolini's Project v5.1\Ugolini's Project\Source\Headers\Singletons\AdvancedFileFunction.hpp(371): warning C4244: '=': conversione da 'double' a 'uint32'. Possibile perdita di dati.
C:\Users\simou\Desktop\Ugolini's Project v5.1\Ugolini's Project\Source\Headers\Singletons\AdvancedFileFunction.hpp(380): warning C4244: '=': conversione da 'double' a 'uint32'. Possibile perdita di dati.
C:\Users\simou\Desktop\Ugolini's Project v5.1\Ugolini's Project\Source\Headers\Singletons\WindowClass.hpp(28): warning C4244: 'argomento': conversione da 'WPARAM' a 'uint32'. Possibile perdita di dati.
C:\Users\simou\Desktop\Ugolini's Project v5.1\Ugolini's Project\Source\Headers\Singletons\WindowClass.hpp(31): warning C4244: 'argomento': conversione da 'WPARAM' a 'uint32'. Possibile perdita di dati.
C:\Users\simou\Desktop\Ugolini's Project v5.1\Ugolini's Project\Source\Headers/Singletons/GameHandler.hpp(20): warning C4244: '=': conversione da '_Rep' a 'float'. Possibile perdita di dati.
          with
          [
              _Rep=__int64
          ]
C:\Users\simou\Desktop\Ugolini's Project v5.1\Ugolini's Project\Source\LoadingScreen.h(34): warning C4244: 'argomento': conversione da 'int' a 'float'. Possibile perdita di dati.
C:\Users\simou\Desktop\Ugolini's Project v5.1\Ugolini's Project\Source\LoadingScreen.h(34): warning C4244: 'argomento': conversione da 'int' a 'float'. Possibile perdita di dati.
C:\Users\simou\Desktop\Ugolini's Project v5.1\Ugolini's Project\Source\LoadingScreen.h(51): warning C4244: 'inizializzazione': conversione da 'int' a 'float'. Possibile perdita di dati.
C:\Users\simou\Desktop\Ugolini's Project v5.1\Ugolini's Project\Source\Main.cu(137): warning C4305: 'argomento': troncamento da 'double' a 'float'
C:\Users\simou\Desktop\Ugolini's Project v5.1\Ugolini's Project\Source\Main.cu(138): warning C4305: 'argomento': troncamento da 'double' a 'float'
C:\Users\simou\Desktop\Ugolini's Project v5.1\Ugolini's Project\Source\Main.cu(139): warning C4305: 'argomento': troncamento da 'double' a 'float'
C:\Users\simou\Desktop\Ugolini's Project v5.1\Ugolini's Project\Source\Main.cu(140): warning C4305: 'argomento': troncamento da 'double' a 'float'
C:\Users\simou\Desktop\Ugolini's Project v5.1\Ugolini's Project\Source\Main.cu(141): warning C4305: 'argomento': troncamento da 'double' a 'float'
C:\Users\simou\Desktop\Ugolini's Project v5.1\Ugolini's Project\Source\Main.cu(143): warning C4305: 'argomento': troncamento da 'double' a 'float'
C:\Users\simou\Desktop\Ugolini's Project v5.1\Ugolini's Project\Source\Main.cu(212): warning C4305: 'argomento': troncamento da 'double' a 'float'
C:\Users\simou\Desktop\Ugolini's Project v5.1\Ugolini's Project\Source\Headers\GraphicStructs\ImagesStructs\..\..\Singletons\BasicFileFunctions.hpp(31): warning C4244: 'return': conversione da 'double' a 'float'. Possibile perdita di dati.
  C:\Users\simou\Desktop\Ugolini's Project v5.1\Ugolini's Project\Source\Headers\GraphicStructs\ImagesStructs\..\..\Singletons\BasicFileFunctions.hpp(34): note: vedere il riferimento all'istanza 'float ReadFloat<char>(std::fstream &,T *)' della funzione modello di cui è in corso la compilazione
          with
          [
              T=char
          ]
C:\Users\simou\Desktop\Ugolini's Project v5.1\Ugolini's Project\Source\Headers\GraphicStructs\Material.hpp(96): warning C4715: 'Mtltag::operator==': non tutti i percorsi di controllo restituiscono un valore
C:\Users\simou\Desktop\Ugolini's Project v5.1\Ugolini's Project\Source\Headers\Singletons\AdvancedFileFunction.hpp(255): warning C4715: 'ReadMtl': non tutti i percorsi di controllo restituiscono un valore
     Creazione della libreria C:\Users\simou\Desktop\Ugolini's Project v5.1\x64\Release\Ugolini's Project.lib e dell'oggetto C:\Users\simou\Desktop\Ugolini's Project v5.1\x64\Release\Ugolini's Project.exp
LINK : warning LNK4098: la libreria predefinita 'LIBCMT' è in conflitto con l'utilizzo di altre librerie; usare /NODEFAULTLIB:libreria
  LINK : è stata specificata l'opzione /LTCG ma non è richiesta la generazione del codice; rimuovere /LTCG dalla riga di comando del collegamento per migliorare le prestazioni del linker
  Ugolini's Project.vcxproj -> C:\Users\simou\Desktop\Ugolini's Project v5.1\x64\Release\Ugolini's Project.exe
